2021-03-04 17:59:16.031633525000 [20290(ThreadId 9)] ERROR APP - user error (<getModule> loaded module can not find from path. </home/adam/Dev/FIT/FLP/dka-2-mka/flpproj/app/Main.hs> [("Main","/home/adam/Dev/FIT/FLP/dka-2-mka/flpproj/test/Spec.hs")])
2021-03-04 18:00:47.352183927000 [20505(ThreadId 9)] ERROR APP - user error (<getModule> loaded module can not find from path. </home/adam/Dev/FIT/FLP/dka-2-mka/flpproj/app/Main.hs> [("Main","/home/adam/Dev/FIT/FLP/dka-2-mka/flpproj/test/Spec.hs")])
2021-03-04 18:02:15.724036172000 [20572(ThreadId 9)] ERROR APP - user error (<getModule> loaded module can not find from path. </home/adam/Dev/FIT/FLP/dka-2-mka/flpproj/app/Main.hs> [("Main","/home/adam/Dev/FIT/FLP/dka-2-mka/flpproj/test/Spec.hs")])
2021-03-04 18:04:11.648847880000 [20808(ThreadId 9)] ERROR APP - user error (<getModule> loaded module can not find from path. </home/adam/Dev/FIT/FLP/dka-2-mka/flpproj/app/Main.hs> [])
2021-03-04 18:04:11.671694386000 [20808(ThreadId 9)] ERROR APP - user error (<getModule> loaded module can not find from path. </home/adam/Dev/FIT/FLP/dka-2-mka/flpproj/test/Spec.hs> [])
2021-03-04 18:04:11.787662389000 [20808(ThreadId 9)] ERROR APP - start debugging failed. user error (ExecResult not found.) : Left "user error (ExecResult not found.)"
2021-03-04 18:05:08.337819101000 [20808(ThreadId 9)] ERROR APP - user error (ExecResult not found.)
2021-03-04 18:05:26.255378616000 [20899(ThreadId 9)] ERROR APP - user error (<getModule> loaded module can not find from path. </home/adam/Dev/FIT/FLP/dka-2-mka/flpproj/test/Spec.hs> [("Lib","/home/adam/Dev/FIT/FLP/dka-2-mka/flpproj/src/Lib.hs"),("Main","/home/adam/Dev/FIT/FLP/dka-2-mka/flpproj/app/Main.hs")])
2021-03-04 18:06:47.900524931000 [21040(ThreadId 9)] ERROR APP - user error (<getModule> loaded module can not find from path. </home/adam/Dev/FIT/FLP/dka-2-mka/flpproj/test/Spec.hs> [("Lib","/home/adam/Dev/FIT/FLP/dka-2-mka/flpproj/src/Lib.hs"),("Main","/home/adam/Dev/FIT/FLP/dka-2-mka/flpproj/app/Main.hs")])
2021-03-04 18:07:01.664786719000 [21092(ThreadId 9)] ERROR APP - user error (<getModule> loaded module can not find from path. </home/adam/Dev/FIT/FLP/dka-2-mka/flpproj/test/Spec.hs> [("Lib","/home/adam/Dev/FIT/FLP/dka-2-mka/flpproj/src/Lib.hs"),("Main","/home/adam/Dev/FIT/FLP/dka-2-mka/flpproj/app/Main.hs")])
2021-03-04 18:07:35.910373137000 [21165(ThreadId 9)] ERROR APP - user error (<getModule> loaded module can not find from path. </home/adam/Dev/FIT/FLP/dka-2-mka/flpproj/test/Spec.hs> [("Lib","/home/adam/Dev/FIT/FLP/dka-2-mka/flpproj/src/Lib.hs"),("Main","/home/adam/Dev/FIT/FLP/dka-2-mka/flpproj/app/Main.hs")])
2021-03-04 20:38:32.172587049000 [21941(ThreadId 9)] ERROR APP - user error (<getModule> loaded module can not find from path. </home/adam/Dev/FIT/FLP/dka-2-mka/flpproj/app/Main.hs> [("Lib","/home/adam/Dev/FIT/FLP/dka-2-mka/flpproj/src/Lib.hs")])
2021-03-04 20:38:32.200166716000 [21941(ThreadId 9)] ERROR APP - user error (<getModule> loaded module can not find from path. </home/adam/Dev/FIT/FLP/dka-2-mka/flpproj/test/Spec.hs> [("Lib","/home/adam/Dev/FIT/FLP/dka-2-mka/flpproj/src/Lib.hs")])
2021-03-04 20:38:32.310429764000 [21941(ThreadId 9)] ERROR APP - start debugging failed. user error (ExecResult not found.) : Left "user error (ExecResult not found.)"
2021-03-04 20:38:54.296593358000 [21991(ThreadId 9)] ERROR APP - user error (<getModule> loaded module can not find from path. </home/adam/Dev/FIT/FLP/dka-2-mka/flpproj/app/Main.hs> [("Lib","/home/adam/Dev/FIT/FLP/dka-2-mka/flpproj/src/Lib.hs")])
2021-03-04 20:38:54.340445151000 [21991(ThreadId 9)] ERROR APP - user error (<getModule> loaded module can not find from path. </home/adam/Dev/FIT/FLP/dka-2-mka/flpproj/test/Spec.hs> [("Lib","/home/adam/Dev/FIT/FLP/dka-2-mka/flpproj/src/Lib.hs")])
2021-03-04 20:38:54.402568304000 [21991(ThreadId 9)] ERROR APP - start debugging failed. user error (ExecResult not found.) : Left "user error (ExecResult not found.)"
2021-03-04 20:38:54.589082483000 [22013(ThreadId 9)] ERROR APP - user error (<getModule> loaded module can not find from path. </home/adam/Dev/FIT/FLP/dka-2-mka/flpproj/app/Main.hs> [("Lib","/home/adam/Dev/FIT/FLP/dka-2-mka/flpproj/src/Lib.hs")])
2021-03-04 20:38:54.639028050000 [22013(ThreadId 9)] ERROR APP - user error (<getModule> loaded module can not find from path. </home/adam/Dev/FIT/FLP/dka-2-mka/flpproj/test/Spec.hs> [("Lib","/home/adam/Dev/FIT/FLP/dka-2-mka/flpproj/src/Lib.hs")])
2021-03-04 20:38:54.695780697000 [22013(ThreadId 9)] ERROR APP - start debugging failed. user error (ExecResult not found.) : Left "user error (ExecResult not found.)"
2021-03-04 20:38:56.897283228000 [22073(ThreadId 9)] ERROR APP - user error (<getModule> loaded module can not find from path. </home/adam/Dev/FIT/FLP/dka-2-mka/flpproj/app/Main.hs> [("Lib","/home/adam/Dev/FIT/FLP/dka-2-mka/flpproj/src/Lib.hs")])
2021-03-04 20:38:56.952155160000 [22073(ThreadId 9)] ERROR APP - user error (<getModule> loaded module can not find from path. </home/adam/Dev/FIT/FLP/dka-2-mka/flpproj/test/Spec.hs> [("Lib","/home/adam/Dev/FIT/FLP/dka-2-mka/flpproj/src/Lib.hs")])
2021-03-04 20:38:57.010268709000 [22073(ThreadId 9)] ERROR APP - start debugging failed. user error (ExecResult not found.) : Left "user error (ExecResult not found.)"
2021-03-04 20:40:53.883156185000 [22236(ThreadId 9)] ERROR APP - user error (<getModule> loaded module can not find from path. </home/adam/Dev/FIT/FLP/dka-2-mka/flpproj/test/Spec.hs> [("Lib","/home/adam/Dev/FIT/FLP/dka-2-mka/flpproj/src/Lib.hs"),("Main","/home/adam/Dev/FIT/FLP/dka-2-mka/flpproj/app/Main.hs")])
2021-03-04 20:42:10.310132142000 [22312(ThreadId 9)] ERROR APP - user error (<getModule> loaded module can not find from path. </home/adam/Dev/FIT/FLP/dka-2-mka/flpproj/app/Main.hs> [("Lib","/home/adam/Dev/FIT/FLP/dka-2-mka/flpproj/src/Lib.hs")])
2021-03-04 20:42:10.332031010000 [22312(ThreadId 9)] ERROR APP - user error (<getModule> loaded module can not find from path. </home/adam/Dev/FIT/FLP/dka-2-mka/flpproj/test/Spec.hs> [("Lib","/home/adam/Dev/FIT/FLP/dka-2-mka/flpproj/src/Lib.hs")])
2021-03-04 20:42:10.344864614000 [22312(ThreadId 9)] ERROR APP - start debugging failed. user error (ExecResult not found.) : Left "user error (ExecResult not found.)"
2021-03-04 20:43:22.678750359000 [22414(ThreadId 9)] ERROR APP - user error (<getModule> loaded module can not find from path. </home/adam/Dev/FIT/FLP/dka-2-mka/flpproj/test/Spec.hs> [("Lib","/home/adam/Dev/FIT/FLP/dka-2-mka/flpproj/src/Lib.hs"),("Main","/home/adam/Dev/FIT/FLP/dka-2-mka/flpproj/app/Main.hs")])
2021-03-04 20:43:50.696396390000 [22414(ThreadId 9)] ERROR APP - user error (no stacktrace found.)
2021-03-04 20:43:50.739424637000 [22414(ThreadId 9)] ERROR APP - user error (no stacktrace found.)
2021-03-04 20:44:04.111989964000 [22477(ThreadId 9)] ERROR APP - user error (<getModule> loaded module can not find from path. </home/adam/Dev/FIT/FLP/dka-2-mka/flpproj/test/Spec.hs> [("Lib","/home/adam/Dev/FIT/FLP/dka-2-mka/flpproj/src/Lib.hs"),("Main","/home/adam/Dev/FIT/FLP/dka-2-mka/flpproj/app/Main.hs")])
2021-03-04 20:46:48.305477359000 [22617(ThreadId 9)] ERROR APP - user error (<getModule> loaded module can not find from path. </home/adam/Dev/FIT/FLP/dka-2-mka/flpproj/test/Spec.hs> [("Lib","/home/adam/Dev/FIT/FLP/dka-2-mka/flpproj/src/Lib.hs"),("Main","/home/adam/Dev/FIT/FLP/dka-2-mka/flpproj/app/Main.hs")])
2021-03-04 20:47:23.404902822000 [22693(ThreadId 9)] ERROR APP - user error (<getModule> loaded module can not find from path. </home/adam/Dev/FIT/FLP/dka-2-mka/flpproj/test/Spec.hs> [("Lib","/home/adam/Dev/FIT/FLP/dka-2-mka/flpproj/src/Lib.hs"),("Main","/home/adam/Dev/FIT/FLP/dka-2-mka/flpproj/app/Main.hs")])
2021-03-04 20:47:36.472481309000 [22743(ThreadId 9)] ERROR APP - user error (<getModule> loaded module can not find from path. </home/adam/Dev/FIT/FLP/dka-2-mka/flpproj/test/Spec.hs> [("Lib","/home/adam/Dev/FIT/FLP/dka-2-mka/flpproj/src/Lib.hs"),("Main","/home/adam/Dev/FIT/FLP/dka-2-mka/flpproj/app/Main.hs")])
2021-03-04 20:51:55.840446838000 [23424(ThreadId 9)] ERROR APP - user error (<getModule> loaded module can not find from path. </home/adam/Dev/FIT/FLP/dka-2-mka/flpproj/test/Spec.hs> [("Lib","/home/adam/Dev/FIT/FLP/dka-2-mka/flpproj/src/Lib.hs"),("Main","/home/adam/Dev/FIT/FLP/dka-2-mka/flpproj/app/Main.hs")])
2021-03-04 20:52:03.664616857000 [23481(ThreadId 9)] ERROR APP - user error (<getModule> loaded module can not find from path. </home/adam/Dev/FIT/FLP/dka-2-mka/flpproj/test/Spec.hs> [("Lib","/home/adam/Dev/FIT/FLP/dka-2-mka/flpproj/src/Lib.hs"),("Main","/home/adam/Dev/FIT/FLP/dka-2-mka/flpproj/app/Main.hs")])
2021-03-22 20:44:50.712015235000 [4925(ThreadId 9)] ERROR APP - user error (<getModule> loaded module can not find from path. </home/adam/Dev/FIT/FLP/dka-2-mka/flpproj/test/Spec.hs> [("Lib","/home/adam/Dev/FIT/FLP/dka-2-mka/flpproj/src/Lib.hs"),("Main","/home/adam/Dev/FIT/FLP/dka-2-mka/flpproj/app/Main.hs")])
2021-03-22 20:44:54.711934951000 [4989(ThreadId 9)] ERROR APP - user error (<getModule> loaded module can not find from path. </home/adam/Dev/FIT/FLP/dka-2-mka/flpproj/test/Spec.hs> [("Lib","/home/adam/Dev/FIT/FLP/dka-2-mka/flpproj/src/Lib.hs"),("Main","/home/adam/Dev/FIT/FLP/dka-2-mka/flpproj/app/Main.hs")])
2021-03-22 20:49:36.133591981000 [5222(ThreadId 9)] ERROR APP - user error (<getModule> loaded module can not find from path. </home/adam/Dev/FIT/FLP/dka-2-mka/flpproj/test/Spec.hs> [("Lib","/home/adam/Dev/FIT/FLP/dka-2-mka/flpproj/src/Lib.hs"),("Main","/home/adam/Dev/FIT/FLP/dka-2-mka/flpproj/app/Main.hs")])
2021-03-22 20:49:53.266456526000 [5287(ThreadId 9)] ERROR APP - user error (<getModule> loaded module can not find from path. </home/adam/Dev/FIT/FLP/dka-2-mka/flpproj/test/Spec.hs> [("Lib","/home/adam/Dev/FIT/FLP/dka-2-mka/flpproj/src/Lib.hs"),("Main","/home/adam/Dev/FIT/FLP/dka-2-mka/flpproj/app/Main.hs")])
2021-03-22 20:55:55.834226947000 [5349(ThreadId 9)] ERROR APP - user error (<getModule> loaded module can not find from path. </home/adam/Dev/FIT/FLP/dka-2-mka/flpproj/test/Spec.hs> [("Lib","/home/adam/Dev/FIT/FLP/dka-2-mka/flpproj/src/Lib.hs"),("Main","/home/adam/Dev/FIT/FLP/dka-2-mka/flpproj/app/Main.hs")])
2021-03-22 21:25:16.131380306000 [8169(ThreadId 9)] ERROR APP - user error (<getModule> loaded module can not find from path. </home/adam/Dev/FIT/FLP/dka-2-mka/flpproj/test/Spec.hs> [("InputParser","/home/adam/Dev/FIT/FLP/dka-2-mka/flpproj/src/InputParser.hs"),("Main","/home/adam/Dev/FIT/FLP/dka-2-mka/flpproj/app/Main.hs")])
2021-03-22 21:25:53.342013605000 [8216(ThreadId 9)] ERROR APP - user error (<getModule> loaded module can not find from path. </home/adam/Dev/FIT/FLP/dka-2-mka/flpproj/test/Spec.hs> [("InputParser","/home/adam/Dev/FIT/FLP/dka-2-mka/flpproj/src/InputParser.hs"),("Main","/home/adam/Dev/FIT/FLP/dka-2-mka/flpproj/app/Main.hs")])
2021-03-22 21:26:09.113564504000 [8263(ThreadId 9)] ERROR APP - user error (<getModule> loaded module can not find from path. </home/adam/Dev/FIT/FLP/dka-2-mka/flpproj/test/Spec.hs> [("InputParser","/home/adam/Dev/FIT/FLP/dka-2-mka/flpproj/src/InputParser.hs"),("Main","/home/adam/Dev/FIT/FLP/dka-2-mka/flpproj/app/Main.hs")])
2021-03-22 21:26:09.136792387000 [8263(ThreadId 9)] ERROR APP - start debugging failed. user error (ExecResult not found.) : Left "user error (ExecResult not found.)"
2021-03-22 21:26:32.400899703000 [8326(ThreadId 9)] ERROR APP - user error (<getModule> loaded module can not find from path. </home/adam/Dev/FIT/FLP/dka-2-mka/flpproj/test/Spec.hs> [("InputParser","/home/adam/Dev/FIT/FLP/dka-2-mka/flpproj/src/InputParser.hs"),("Main","/home/adam/Dev/FIT/FLP/dka-2-mka/flpproj/app/Main.hs")])
2021-03-22 21:26:32.462759194000 [8326(ThreadId 9)] ERROR APP - start debugging failed. user error (ExecResult not found.) : Left "user error (ExecResult not found.)"
2021-03-22 21:26:37.214952268000 [8367(ThreadId 9)] ERROR APP - user error (<getModule> loaded module can not find from path. </home/adam/Dev/FIT/FLP/dka-2-mka/flpproj/test/Spec.hs> [("InputParser","/home/adam/Dev/FIT/FLP/dka-2-mka/flpproj/src/InputParser.hs"),("Main","/home/adam/Dev/FIT/FLP/dka-2-mka/flpproj/app/Main.hs")])
2021-03-22 21:26:37.279105089000 [8367(ThreadId 9)] ERROR APP - start debugging failed. user error (ExecResult not found.) : Left "user error (ExecResult not found.)"
2021-03-22 21:26:41.178115572000 [8414(ThreadId 9)] ERROR APP - user error (<getModule> loaded module can not find from path. </home/adam/Dev/FIT/FLP/dka-2-mka/flpproj/test/Spec.hs> [("InputParser","/home/adam/Dev/FIT/FLP/dka-2-mka/flpproj/src/InputParser.hs"),("Main","/home/adam/Dev/FIT/FLP/dka-2-mka/flpproj/app/Main.hs")])
2021-03-22 21:26:41.206595373000 [8414(ThreadId 9)] ERROR APP - start debugging failed. user error (ExecResult not found.) : Left "user error (ExecResult not found.)"
2021-03-22 21:26:52.630596945000 [8516(ThreadId 9)] ERROR APP - user error (<getModule> loaded module can not find from path. </home/adam/Dev/FIT/FLP/dka-2-mka/flpproj/test/Spec.hs> [("InputParser","/home/adam/Dev/FIT/FLP/dka-2-mka/flpproj/src/InputParser.hs"),("Main","/home/adam/Dev/FIT/FLP/dka-2-mka/flpproj/app/Main.hs")])
2021-03-22 21:26:52.661624659000 [8516(ThreadId 9)] ERROR APP - start debugging failed. user error (ExecResult not found.) : Left "user error (ExecResult not found.)"
2021-03-22 21:27:04.428355797000 [8566(ThreadId 9)] ERROR APP - user error (<getModule> loaded module can not find from path. </home/adam/Dev/FIT/FLP/dka-2-mka/flpproj/test/Spec.hs> [("InputParser","/home/adam/Dev/FIT/FLP/dka-2-mka/flpproj/src/InputParser.hs"),("Main","/home/adam/Dev/FIT/FLP/dka-2-mka/flpproj/app/Main.hs")])
2021-03-22 21:27:14.640707258000 [8566(ThreadId 9)] ERROR APP - user error (no stacktrace found.)
2021-03-22 21:27:39.787316597000 [8635(ThreadId 9)] ERROR APP - user error (<getModule> loaded module can not find from path. </home/adam/Dev/FIT/FLP/dka-2-mka/flpproj/test/Spec.hs> [("InputParser","/home/adam/Dev/FIT/FLP/dka-2-mka/flpproj/src/InputParser.hs"),("Main","/home/adam/Dev/FIT/FLP/dka-2-mka/flpproj/app/Main.hs")])
2021-03-22 21:28:27.567757607000 [8635(ThreadId 9)] ERROR APP - user error (no stacktrace found.)
2021-03-22 21:29:14.560280266000 [8692(ThreadId 9)] ERROR APP - user error (<getModule> loaded module can not find from path. </home/adam/Dev/FIT/FLP/dka-2-mka/flpproj/test/Spec.hs> [("InputParser","/home/adam/Dev/FIT/FLP/dka-2-mka/flpproj/src/InputParser.hs"),("Main","/home/adam/Dev/FIT/FLP/dka-2-mka/flpproj/app/Main.hs")])
2021-03-22 21:29:59.539559914000 [8742(ThreadId 9)] ERROR APP - user error (<getModule> loaded module can not find from path. </home/adam/Dev/FIT/FLP/dka-2-mka/flpproj/test/Spec.hs> [("InputParser","/home/adam/Dev/FIT/FLP/dka-2-mka/flpproj/src/InputParser.hs"),("Main","/home/adam/Dev/FIT/FLP/dka-2-mka/flpproj/app/Main.hs")])
2021-03-22 21:30:08.092145380000 [8789(ThreadId 9)] ERROR APP - user error (<getModule> loaded module can not find from path. </home/adam/Dev/FIT/FLP/dka-2-mka/flpproj/test/Spec.hs> [("InputParser","/home/adam/Dev/FIT/FLP/dka-2-mka/flpproj/src/InputParser.hs"),("Main","/home/adam/Dev/FIT/FLP/dka-2-mka/flpproj/app/Main.hs")])
2021-03-22 21:30:23.350160593000 [8836(ThreadId 9)] ERROR APP - user error (<getModule> loaded module can not find from path. </home/adam/Dev/FIT/FLP/dka-2-mka/flpproj/test/Spec.hs> [("InputParser","/home/adam/Dev/FIT/FLP/dka-2-mka/flpproj/src/InputParser.hs"),("Main","/home/adam/Dev/FIT/FLP/dka-2-mka/flpproj/app/Main.hs")])
2021-03-22 21:45:37.811412715000 [10752(ThreadId 9)] ERROR APP - user error (<getModule> loaded module can not find from path. </home/adam/Dev/FIT/FLP/dka-2-mka/flpproj/test/Spec.hs> [("InputParser","/home/adam/Dev/FIT/FLP/dka-2-mka/flpproj/src/InputParser.hs"),("Main","/home/adam/Dev/FIT/FLP/dka-2-mka/flpproj/app/Main.hs")])
2021-03-22 21:45:37.831906512000 [10752(ThreadId 9)] ERROR APP - start debugging failed. user error (ExecResult not found.) : Left "user error (ExecResult not found.)"
2021-03-22 21:45:47.499463047000 [10801(ThreadId 9)] ERROR APP - user error (<getModule> loaded module can not find from path. </home/adam/Dev/FIT/FLP/dka-2-mka/flpproj/test/Spec.hs> [("InputParser","/home/adam/Dev/FIT/FLP/dka-2-mka/flpproj/src/InputParser.hs"),("Main","/home/adam/Dev/FIT/FLP/dka-2-mka/flpproj/app/Main.hs")])
2021-03-22 21:45:47.525920040000 [10801(ThreadId 9)] ERROR APP - start debugging failed. user error (ExecResult not found.) : Left "user error (ExecResult not found.)"
2021-03-22 21:45:52.844222779000 [10848(ThreadId 9)] ERROR APP - user error (<getModule> loaded module can not find from path. </home/adam/Dev/FIT/FLP/dka-2-mka/flpproj/test/Spec.hs> [("InputParser","/home/adam/Dev/FIT/FLP/dka-2-mka/flpproj/src/InputParser.hs"),("Main","/home/adam/Dev/FIT/FLP/dka-2-mka/flpproj/app/Main.hs")])
2021-03-22 21:45:52.873687359000 [10848(ThreadId 9)] ERROR APP - start debugging failed. user error (ExecResult not found.) : Left "user error (ExecResult not found.)"
2021-03-22 21:46:00.467104273000 [10896(ThreadId 9)] ERROR APP - user error (<getModule> loaded module can not find from path. </home/adam/Dev/FIT/FLP/dka-2-mka/flpproj/test/Spec.hs> [("InputParser","/home/adam/Dev/FIT/FLP/dka-2-mka/flpproj/src/InputParser.hs"),("Main","/home/adam/Dev/FIT/FLP/dka-2-mka/flpproj/app/Main.hs")])
2021-03-22 21:46:00.493697815000 [10896(ThreadId 9)] ERROR APP - start debugging failed. user error (ExecResult not found.) : Left "user error (ExecResult not found.)"
2021-03-22 21:46:20.880038473000 [10943(ThreadId 9)] ERROR APP - user error (<getModule> loaded module can not find from path. </home/adam/Dev/FIT/FLP/dka-2-mka/flpproj/test/Spec.hs> [("InputParser","/home/adam/Dev/FIT/FLP/dka-2-mka/flpproj/src/InputParser.hs"),("Main","/home/adam/Dev/FIT/FLP/dka-2-mka/flpproj/app/Main.hs")])
2021-03-22 21:46:20.938567234000 [10943(ThreadId 9)] ERROR APP - start debugging failed. user error (ExecResult not found.) : Left "user error (ExecResult not found.)"
2021-03-22 21:46:49.701238175000 [10990(ThreadId 9)] ERROR APP - user error (<getModule> loaded module can not find from path. </home/adam/Dev/FIT/FLP/dka-2-mka/flpproj/test/Spec.hs> [("InputParser","/home/adam/Dev/FIT/FLP/dka-2-mka/flpproj/src/InputParser.hs"),("Main","/home/adam/Dev/FIT/FLP/dka-2-mka/flpproj/app/Main.hs")])
2021-03-22 21:46:49.764160823000 [10990(ThreadId 9)] ERROR APP - start debugging failed. user error (ExecResult not found.) : Left "user error (ExecResult not found.)"
2021-03-22 21:48:09.629421152000 [11061(ThreadId 9)] ERROR APP - user error (<getModule> loaded module can not find from path. </home/adam/Dev/FIT/FLP/dka-2-mka/flpproj/test/Spec.hs> [("InputParser","/home/adam/Dev/FIT/FLP/dka-2-mka/flpproj/src/InputParser.hs"),("Main","/home/adam/Dev/FIT/FLP/dka-2-mka/flpproj/app/Main.hs")])
2021-03-22 21:48:09.652444202000 [11061(ThreadId 9)] ERROR APP - start debugging failed. user error (ExecResult not found.) : Left "user error (ExecResult not found.)"
2021-03-22 21:48:23.538696676000 [11108(ThreadId 9)] ERROR APP - user error (<getModule> loaded module can not find from path. </home/adam/Dev/FIT/FLP/dka-2-mka/flpproj/test/Spec.hs> [("InputParser","/home/adam/Dev/FIT/FLP/dka-2-mka/flpproj/src/InputParser.hs"),("Main","/home/adam/Dev/FIT/FLP/dka-2-mka/flpproj/app/Main.hs")])
